2023.03.24 22:09:43 INFO  Started: Metals version 0.11.11 in workspace '/home/raoulmars/Development/Projects/scala/paint-fluidity' for client Visual Studio Code 1.76.2.
SLF4J: No SLF4J providers were found.
SLF4J: Defaulting to no-operation (NOP) logger implementation
SLF4J: See https://www.slf4j.org/codes.html#noProviders for further details.
SLF4J: Class path contains SLF4J bindings targeting slf4j-api versions 1.7.x or earlier.
SLF4J: Ignoring binding found at [jar:file:/home/raoulmars/.cache/coursier/v1/https/repo1.maven.org/maven2/com/outr/scribe-slf4j_2.13/3.11.0/scribe-slf4j_2.13-3.11.0.jar!/org/slf4j/impl/StaticLoggerBinder.class]
SLF4J: See https://www.slf4j.org/codes.html#ignoredBindings for an explanation.
2023.03.24 22:09:47 INFO  time: initialize in 3.46s
2023.03.24 22:09:51 WARN  Build server is not auto-connectable.
2023.03.24 22:10:02 INFO  running '/home/raoulmars/Development/Projects/scala/paint-fluidity/gradlew --console=plain --init-script /tmp/metals17458260070761542154/init-script.gradle bloopInstall'
2023.03.24 22:10:06 INFO  Starting a Gradle Daemon (subsequent builds will be faster)
2023.03.24 22:10:11 INFO  Configuration on demand is an incubating feature.
2023.03.24 22:10:32 INFO  > Task :configureBloopInstall
2023.03.24 22:10:34 INFO  > Task :bloopInstall
2023.03.24 22:10:34 INFO  > Task :core:configureBloopInstall
2023.03.24 22:10:37 INFO  > Task :core:bloopInstall
2023.03.24 22:10:37 INFO  > Task :desktop:configureBloopInstall
2023.03.24 22:10:38 INFO  > Task :desktop:bloopInstall
2023.03.24 22:10:38 INFO  
2023.03.24 22:10:38 INFO  Deprecated Gradle features were used in this build, making it incompatible with Gradle 8.0.
2023.03.24 22:10:38 INFO  
2023.03.24 22:10:38 INFO  You can use '--warning-mode all' to show the individual deprecation warnings and determine if they come from your own scripts or plugins.
2023.03.24 22:10:38 INFO  
2023.03.24 22:10:38 INFO  See https://docs.gradle.org/7.4.2/userguide/command_line_interface.html#sec:command_line_warnings
2023.03.24 22:10:38 INFO  
2023.03.24 22:10:38 INFO  BUILD SUCCESSFUL in 36s
2023.03.24 22:10:38 INFO  6 actionable tasks: 6 executed
2023.03.24 22:10:39 INFO  time: ran 'gradle bloopInstall' in 37s
2023.03.24 22:10:39 INFO  Attempting to connect to the build server...
2023.03.24 22:10:39 INFO  Bloop uses /home/raoulmars/graalvm-ce-java17-22.3.0 defined at /home/raoulmars/.bloop/bloop.json
2023.03.24 22:10:59 INFO  tracing is disabled for protocol BSP, to enable tracing of incoming and outgoing JSON messages create an empty file at /home/raoulmars/Development/Projects/scala/paint-fluidity/.metals/bsp.trace.json or /home/raoulmars/.cache/metals/bsp.trace.json
2023.03.24 22:11:00 INFO  Attempting to connect to the build server...
2023.03.24 22:11:00 INFO  Bloop uses /home/raoulmars/graalvm-ce-java17-22.3.0 defined at /home/raoulmars/.bloop/bloop.json
2023.03.24 22:11:00 INFO  Attempting to connect to the build server...
2023.03.24 22:11:00 INFO  Bloop uses /home/raoulmars/graalvm-ce-java17-22.3.0 defined at /home/raoulmars/.bloop/bloop.json
2023.03.24 22:11:00 INFO  tracing is disabled for protocol BSP, to enable tracing of incoming and outgoing JSON messages create an empty file at /home/raoulmars/Development/Projects/scala/paint-fluidity/project/project/.metals/bsp.trace.json or /home/raoulmars/.cache/metals/bsp.trace.json
2023.03.24 22:11:00 INFO  tracing is disabled for protocol BSP, to enable tracing of incoming and outgoing JSON messages create an empty file at /home/raoulmars/Development/Projects/scala/paint-fluidity/project/.metals/bsp.trace.json or /home/raoulmars/.cache/metals/bsp.trace.json
2023.03.24 22:11:00 INFO  time: Connected to build server in 21s
2023.03.24 22:11:00 INFO  Connected to Build server: Bloop v1.5.6
2023.03.24 22:11:01 INFO  time: Imported build in 0.25s
2023.03.24 22:11:03 INFO  Required scalafmt dialect rewrite to 'scala3'. Directories:
- core/src
- desktop/src
2023.03.24 22:11:10 INFO  time: indexed workspace in 9.16s
2023.03.24 22:30:40 INFO  compiling core (40 scala sources)
Mar 24, 2023 10:30:52 PM org.eclipse.lsp4j.jsonrpc.RemoteEndpoint handleCancellation
WARNING: Unmatched cancel notification for request id 3
Mar 24, 2023 10:30:52 PM org.eclipse.lsp4j.jsonrpc.RemoteEndpoint handleCancellation
WARNING: Unmatched cancel notification for request id 6
2023.03.24 22:31:01 INFO  time: compiled core in 21s
Mar 24, 2023 10:54:45 PM org.eclipse.lsp4j.jsonrpc.RemoteEndpoint handleNotification
WARNING: Notification threw an exception: {
  "jsonrpc": "2.0",
  "method": "metals/didFocusTextDocument",
  "params": [
    "jdt://contents/lwjgl-opengl-3.3.1.jar/org.lwjgl.opengl/GL11C.class?%3Ddesktop%2F%5C%2Fhome%5C%2Fraoulmars%5C%2F.gradle%5C%2Fcaches%5C%2Fmodules-2%5C%2Ffiles-2.1%5C%2Forg.lwjgl%5C%2Flwjgl-opengl%5C%2F3.3.1%5C%2F831a5533a21a5f4f81bbc51bb13e9899319b5411%5C%2Flwjgl-opengl-3.3.1.jar%3D%2Fgradle_used_by_scope%3D%2Fmain%2Ctest%3D%2F%3Corg.lwjgl.opengl%28GL11C.class"
  ]
}
java.lang.RuntimeException: java.lang.reflect.InvocationTargetException
	at org.eclipse.lsp4j.jsonrpc.services.GenericEndpoint.lambda$null$0(GenericEndpoint.java:67)
	at org.eclipse.lsp4j.jsonrpc.services.GenericEndpoint.notify(GenericEndpoint.java:152)
	at org.eclipse.lsp4j.jsonrpc.RemoteEndpoint.handleNotification(RemoteEndpoint.java:220)
	at org.eclipse.lsp4j.jsonrpc.RemoteEndpoint.consume(RemoteEndpoint.java:187)
	at org.eclipse.lsp4j.jsonrpc.json.StreamMessageProducer.handleMessage(StreamMessageProducer.java:194)
	at org.eclipse.lsp4j.jsonrpc.json.StreamMessageProducer.listen(StreamMessageProducer.java:94)
	at org.eclipse.lsp4j.jsonrpc.json.ConcurrentMessageProcessor.run(ConcurrentMessageProcessor.java:113)
	at java.base/java.util.concurrent.Executors$RunnableAdapter.call(Executors.java:539)
	at java.base/java.util.concurrent.FutureTask.run(FutureTask.java:264)
	at java.base/java.util.concurrent.ThreadPoolExecutor.runWorker(ThreadPoolExecutor.java:1136)
	at java.base/java.util.concurrent.ThreadPoolExecutor$Worker.run(ThreadPoolExecutor.java:635)
	at java.base/java.lang.Thread.run(Thread.java:833)
Caused by: java.lang.reflect.InvocationTargetException
	at java.base/jdk.internal.reflect.NativeMethodAccessorImpl.invoke0(Native Method)
	at java.base/jdk.internal.reflect.NativeMethodAccessorImpl.invoke(NativeMethodAccessorImpl.java:77)
	at java.base/jdk.internal.reflect.DelegatingMethodAccessorImpl.invoke(DelegatingMethodAccessorImpl.java:43)
	at java.base/java.lang.reflect.Method.invoke(Method.java:568)
	at org.eclipse.lsp4j.jsonrpc.services.GenericEndpoint.lambda$null$0(GenericEndpoint.java:65)
	... 11 more
Caused by: java.nio.file.FileSystemNotFoundException: Provider "jdt" not installed
	at java.base/java.nio.file.Path.of(Path.java:212)
	at java.base/java.nio.file.Paths.get(Paths.java:98)
	at scala.meta.internal.mtags.MtagsEnrichments$XtensionURIMtags.toAbsolutePath(MtagsEnrichments.scala:120)
	at scala.meta.internal.mtags.MtagsEnrichments$XtensionStringMtags.toAbsolutePath(MtagsEnrichments.scala:173)
	at scala.meta.internal.metals.MetalsEnrichments$XtensionString.toAbsolutePath(MetalsEnrichments.scala:609)
	at scala.meta.internal.metals.MetalsEnrichments$XtensionString.toAbsolutePath(MetalsEnrichments.scala:606)
	at scala.meta.internal.metals.MetalsLspService.didFocus(MetalsLspService.scala:1173)
	at scala.meta.metals.lsp.DelegatingScalaService.didFocus(DelegatingScalaService.scala:43)
	... 16 more

2023.03.24 22:57:17 INFO  compiling core (1 scala source)
2023.03.24 22:57:18 INFO  time: compiled core in 1.3s
2023.03.24 22:58:36 INFO  Shutting down server
2023.03.24 22:58:36 INFO  shutting down Metals
2023.03.24 22:58:36 INFO  Shut down connection with build server.
2023.03.24 22:58:37 INFO  Shut down connection with build server.
2023.03.24 22:58:37 INFO  Shut down connection with build server.
2023.03.26 19:27:14 INFO  Started: Metals version 0.11.11 in workspace '/home/raoulmars/Development/Projects/scala/paint-fluidity' for client Visual Studio Code 1.76.2.
SLF4J: No SLF4J providers were found.
SLF4J: Defaulting to no-operation (NOP) logger implementation
SLF4J: See https://www.slf4j.org/codes.html#noProviders for further details.
SLF4J: Class path contains SLF4J bindings targeting slf4j-api versions 1.7.x or earlier.
SLF4J: Ignoring binding found at [jar:file:/home/raoulmars/.cache/coursier/v1/https/repo1.maven.org/maven2/com/outr/scribe-slf4j_2.13/3.11.0/scribe-slf4j_2.13-3.11.0.jar!/org/slf4j/impl/StaticLoggerBinder.class]
SLF4J: See https://www.slf4j.org/codes.html#ignoredBindings for an explanation.
2023.03.26 19:27:21 INFO  time: initialize in 7.7s
2023.03.26 19:27:30 INFO  Attempting to connect to the build server...
2023.03.26 19:27:30 INFO  Bloop uses /home/raoulmars/graalvm-ce-java17-22.3.0 defined at /home/raoulmars/.bloop/bloop.json
2023.03.26 19:27:46 INFO  no build target found for /home/raoulmars/Development/Projects/scala/paint-fluidity/core/src/com/codingcrafters/gameobjects/ColorPaintWheel.scala. Using presentation compiler with project's scala-library version: 3.2.2
2023.03.26 19:28:04 INFO  tracing is disabled for protocol BSP, to enable tracing of incoming and outgoing JSON messages create an empty file at /home/raoulmars/Development/Projects/scala/paint-fluidity/.metals/bsp.trace.json or /home/raoulmars/.cache/metals/bsp.trace.json
2023.03.26 19:28:06 INFO  Attempting to connect to the build server...
2023.03.26 19:28:06 INFO  Bloop uses /home/raoulmars/graalvm-ce-java17-22.3.0 defined at /home/raoulmars/.bloop/bloop.json
2023.03.26 19:28:06 INFO  Attempting to connect to the build server...
2023.03.26 19:28:06 INFO  Bloop uses /home/raoulmars/graalvm-ce-java17-22.3.0 defined at /home/raoulmars/.bloop/bloop.json
2023.03.26 19:28:06 INFO  tracing is disabled for protocol BSP, to enable tracing of incoming and outgoing JSON messages create an empty file at /home/raoulmars/Development/Projects/scala/paint-fluidity/project/.metals/bsp.trace.json or /home/raoulmars/.cache/metals/bsp.trace.json
2023.03.26 19:28:07 INFO  tracing is disabled for protocol BSP, to enable tracing of incoming and outgoing JSON messages create an empty file at /home/raoulmars/Development/Projects/scala/paint-fluidity/project/project/.metals/bsp.trace.json or /home/raoulmars/.cache/metals/bsp.trace.json
2023.03.26 19:28:06 INFO  time: Connected to build server in 37s
2023.03.26 19:28:06 INFO  Connected to Build server: Bloop v1.5.6
2023.03.26 19:28:07 INFO  time: Imported build in 0.34s
2023.03.26 19:28:09 INFO  time: code lens generation in 39s
2023.03.26 19:28:16 INFO  time: indexed workspace in 9.11s
2023.03.26 19:28:19 INFO  compiling core (6 scala sources and 1 java source)
2023.03.26 19:28:22 WARN  Unexpected javac output: warning: [options] bootstrap class path not set in conjunction with -source 8
Note: /home/raoulmars/Development/Projects/scala/paint-fluidity/core/src/aurelienribon/bodyeditor/BodyEditorLoader.java uses unchecked or unsafe operations.
Note: Recompile with -Xlint:unchecked for details.
1 warning.
2023.03.26 19:28:32 INFO  time: compiled core in 13s
2023.03.26 19:28:32 INFO  compiling core (6 scala sources and 1 java source)
2023.03.26 19:28:34 WARN  Unexpected javac output: warning: [options] bootstrap class path not set in conjunction with -source 8
Note: /home/raoulmars/Development/Projects/scala/paint-fluidity/core/src/aurelienribon/bodyeditor/BodyEditorLoader.java uses unchecked or unsafe operations.
Note: Recompile with -Xlint:unchecked for details.
1 warning.
2023.03.26 19:28:36 INFO  time: compiled core in 2.74s
